# JRE version: Java(TM) SE Runtime Environment (21.0.7+8) (build 21.0.7+8-LTS-245)
# Java VM: Java HotSpot(TM) 64-Bit Server VM (21.0.7+8-LTS-245, mixed mode, sharing, tiered, compressed oops, compressed class ptrs, g1 gc, linux-amd64)
GC Precious Log:
 CardTable entry size: 512
 Card Set container configuration: InlinePtr #cards 4 size 8 Array Of Cards #cards 32 size 80 Howl #buckets 8 coarsen threshold 7372 Howl Bitmap #cards 1024 size 144 coarsen threshold 921 Card regions per heap region 1 cards per card region 8192
 CPUs: 16 total, 16 available
 Memory: 31999M
 Large Page Support: Disabled
 NUMA Support: Disabled
 Compressed Oops: Enabled (Zero based)
 Heap Region Size: 4M
 Heap Min Capacity: 8M
 Heap Initial Capacity: 500M
 Heap Max Capacity: 8000M
 Pre-touch: Disabled
 Parallel Workers: 13
 Concurrent Workers: 3
 Concurrent Refinement Workers: 13
 Periodic GC: Disabled
Heap:
 garbage-first heap   total 114688K, used 48367K [0x000000060c000000, 0x0000000800000000)
  region size 4096K, 8 young (32768K), 1 survivors (4096K)
 Metaspace       used 28161K, committed 28800K, reserved 1114112K
  class space    used 3127K, committed 3456K, reserved 1048576K
GC Heap History (12 events):
Event: 0.329 GC heap before
{Heap before GC invocations=0 (full 0):
 garbage-first heap   total 516096K, used 25654K [0x000000060c000000, 0x0000000800000000)
  region size 4096K, 6 young (24576K), 0 survivors (0K)
 Metaspace       used 8628K, committed 8832K, reserved 1114112K
  class space    used 862K, committed 960K, reserved 1048576K
}
Event: 0.331 GC heap after
{Heap after GC invocations=1 (full 0):
 garbage-first heap   total 516096K, used 6466K [0x000000060c000000, 0x0000000800000000)
  region size 4096K, 1 young (4096K), 1 survivors (4096K)
 Metaspace       used 8628K, committed 8832K, reserved 1114112K
  class space    used 862K, committed 960K, reserved 1048576K
}
Event: 0.404 GC heap before
{Heap before GC invocations=1 (full 0):
 garbage-first heap   total 516096K, used 26946K [0x000000060c000000, 0x0000000800000000)
  region size 4096K, 6 young (24576K), 1 survivors (4096K)
 Metaspace       used 10370K, committed 10624K, reserved 1114112K
  class space    used 1030K, committed 1152K, reserved 1048576K
}
Event: 0.407 GC heap after
{Heap after GC invocations=2 (full 0):
 garbage-first heap   total 516096K, used 9685K [0x000000060c000000, 0x0000000800000000)
  region size 4096K, 1 young (4096K), 1 survivors (4096K)
 Metaspace       used 10370K, committed 10624K, reserved 1114112K
  class space    used 1030K, committed 1152K, reserved 1048576K
}
Event: 0.677 GC heap before
{Heap before GC invocations=2 (full 0):
 garbage-first heap   total 516096K, used 54741K [0x000000060c000000, 0x0000000800000000)
  region size 4096K, 12 young (49152K), 1 survivors (4096K)
 Metaspace       used 13947K, committed 14144K, reserved 1114112K
  class space    used 1591K, committed 1664K, reserved 1048576K
}
Event: 0.680 GC heap after
{Heap after GC invocations=3 (full 0):
 garbage-first heap   total 516096K, used 11536K [0x000000060c000000, 0x0000000800000000)
  region size 4096K, 2 young (8192K), 2 survivors (8192K)
 Metaspace       used 13947K, committed 14144K, reserved 1114112K
  class space    used 1591K, committed 1664K, reserved 1048576K
}
Event: 1.048 GC heap before
{Heap before GC invocations=3 (full 0):
 garbage-first heap   total 516096K, used 60688K [0x000000060c000000, 0x0000000800000000)
  region size 4096K, 15 young (61440K), 2 survivors (8192K)
 Metaspace       used 21130K, committed 21504K, reserved 1114112K
  class space    used 2433K, committed 2624K, reserved 1048576K
}
Event: 1.052 GC heap after
{Heap after GC invocations=4 (full 0):
 garbage-first heap   total 516096K, used 15601K [0x000000060c000000, 0x0000000800000000)
  region size 4096K, 3 young (12288K), 3 survivors (12288K)
 Metaspace       used 21130K, committed 21504K, reserved 1114112K
  class space    used 2433K, committed 2624K, reserved 1048576K
}
Event: 1.905 GC heap before
{Heap before GC invocations=5 (full 0):
 garbage-first heap   total 98304K, used 89329K [0x000000060c000000, 0x0000000800000000)
  region size 4096K, 21 young (86016K), 3 survivors (12288K)
 Metaspace       used 27925K, committed 28608K, reserved 1114112K
  class space    used 3126K, committed 3456K, reserved 1048576K
}
Event: 1.913 GC heap after
{Heap after GC invocations=6 (full 0):
 garbage-first heap   total 114688K, used 22591K [0x000000060c000000, 0x0000000800000000)
  region size 4096K, 4 young (16384K), 4 survivors (16384K)
 Metaspace       used 27925K, committed 28608K, reserved 1114112K
  class space    used 3126K, committed 3456K, reserved 1048576K
}
Event: 2.230 GC heap before
{Heap before GC invocations=6 (full 0):
 garbage-first heap   total 114688K, used 71743K [0x000000060c000000, 0x0000000800000000)
  region size 4096K, 16 young (65536K), 4 survivors (16384K)
 Metaspace       used 28027K, committed 28672K, reserved 1114112K
  class space    used 3127K, committed 3456K, reserved 1048576K
}
Event: 2.236 GC heap after
{Heap after GC invocations=7 (full 0):
 garbage-first heap   total 114688K, used 23791K [0x000000060c000000, 0x0000000800000000)
  region size 4096K, 1 young (4096K), 1 survivors (4096K)
 Metaspace       used 28027K, committed 28672K, reserved 1114112K
  class space    used 3127K, committed 3456K, reserved 1048576K
}

