# JRE version: OpenJDK Runtime Environment (21.0.8) (fastdebug build 21.0.8-internal-adhoc.mroth.jdk21u)
# Java VM: OpenJDK 64-Bit Server VM (fastdebug 21.0.8-internal-adhoc.mroth.jdk21u, mixed mode, sharing, tiered, compressed oops, compressed class ptrs, g1 gc, linux-amd64)
GC Precious Log:
 CardTable entry size: 512
 Card Set container configuration: InlinePtr #cards 4 size 8 Array Of Cards #cards 32 size 80 Howl #buckets 8 coarsen threshold 7372 Howl Bitmap #cards 1024 size 144 coarsen threshold 921 Card regions per heap region 1 cards per card region 8192
 CPUs: 16 total, 16 available
 Memory: 31999M
 Large Page Support: Disabled
 NUMA Support: Disabled
 Compressed Oops: Enabled (Zero based)
 Heap Region Size: 4M
 Heap Min Capacity: 8M
 Heap Initial Capacity: 500M
 Heap Max Capacity: 8000M
 Pre-touch: Disabled
 Parallel Workers: 13
 Concurrent Workers: 3
 Concurrent Refinement Workers: 13
 Periodic GC: Disabled
Heap:
 garbage-first heap   total 307200K, used 104277K [0x000000060c000000, 0x0000000800000000)
  region size 4096K, 22 young (90112K), 1 survivors (4096K)
 Metaspace       used 30124K, committed 30720K, reserved 1114112K
  class space    used 3286K, committed 3584K, reserved 1048576K
GC Heap History (12 events):
Event: 1.048 GC heap before
{Heap before GC invocations=0 (full 0):
 garbage-first heap   total 516096K, used 25650K [0x000000060c000000, 0x0000000800000000)
  region size 4096K, 6 young (24576K), 0 survivors (0K)
 Metaspace       used 9157K, committed 9280K, reserved 1114112K
  class space    used 897K, committed 960K, reserved 1048576K
}
Event: 1.060 GC heap after
{Heap after GC invocations=1 (full 0):
 garbage-first heap   total 516096K, used 6401K [0x000000060c000000, 0x0000000800000000)
  region size 4096K, 1 young (4096K), 1 survivors (4096K)
 Metaspace       used 9157K, committed 9280K, reserved 1114112K
  class space    used 897K, committed 960K, reserved 1048576K
}
Event: 1.360 GC heap before
{Heap before GC invocations=1 (full 0):
 garbage-first heap   total 516096K, used 26881K [0x000000060c000000, 0x0000000800000000)
  region size 4096K, 6 young (24576K), 1 survivors (4096K)
 Metaspace       used 10995K, committed 11264K, reserved 1114112K
  class space    used 1080K, committed 1216K, reserved 1048576K
}
Event: 1.373 GC heap after
{Heap after GC invocations=2 (full 0):
 garbage-first heap   total 516096K, used 9692K [0x000000060c000000, 0x0000000800000000)
  region size 4096K, 1 young (4096K), 1 survivors (4096K)
 Metaspace       used 10995K, committed 11264K, reserved 1114112K
  class space    used 1080K, committed 1216K, reserved 1048576K
}
Event: 2.202 GC heap before
{Heap before GC invocations=2 (full 0):
 garbage-first heap   total 516096K, used 50652K [0x000000060c000000, 0x0000000800000000)
  region size 4096K, 11 young (45056K), 1 survivors (4096K)
 Metaspace       used 14822K, committed 15040K, reserved 1114112K
  class space    used 1668K, committed 1792K, reserved 1048576K
}
Event: 2.218 GC heap after
{Heap after GC invocations=3 (full 0):
 garbage-first heap   total 516096K, used 11329K [0x000000060c000000, 0x0000000800000000)
  region size 4096K, 2 young (8192K), 2 survivors (8192K)
 Metaspace       used 14822K, committed 15040K, reserved 1114112K
  class space    used 1668K, committed 1792K, reserved 1048576K
}
Event: 4.988 GC heap before
{Heap before GC invocations=3 (full 0):
 garbage-first heap   total 516096K, used 60481K [0x000000060c000000, 0x0000000800000000)
  region size 4096K, 15 young (61440K), 2 survivors (8192K)
 Metaspace       used 21237K, committed 21504K, reserved 1114112K
  class space    used 2390K, committed 2496K, reserved 1048576K
}
Event: 5.019 GC heap after
{Heap after GC invocations=4 (full 0):
 garbage-first heap   total 516096K, used 15288K [0x000000060c000000, 0x0000000800000000)
  region size 4096K, 3 young (12288K), 3 survivors (12288K)
 Metaspace       used 21237K, committed 21504K, reserved 1114112K
  class space    used 2390K, committed 2496K, reserved 1048576K
}
Event: 10.309 GC heap before
{Heap before GC invocations=5 (full 0):
 garbage-first heap   total 81920K, used 72632K [0x000000060c000000, 0x0000000800000000)
  region size 4096K, 17 young (69632K), 3 survivors (12288K)
 Metaspace       used 29483K, committed 30144K, reserved 1114112K
  class space    used 3282K, committed 3584K, reserved 1048576K
}
Event: 10.365 GC heap after
{Heap after GC invocations=6 (full 0):
 garbage-first heap   total 98304K, used 22828K [0x000000060c000000, 0x0000000800000000)
  region size 4096K, 4 young (16384K), 4 survivors (16384K)
 Metaspace       used 29483K, committed 30144K, reserved 1114112K
  class space    used 3282K, committed 3584K, reserved 1048576K
}
Event: 11.001 GC heap before
{Heap before GC invocations=6 (full 0):
 garbage-first heap   total 98304K, used 63788K [0x000000060c000000, 0x0000000800000000)
  region size 4096K, 14 young (57344K), 4 survivors (16384K)
 Metaspace       used 29560K, committed 30144K, reserved 1114112K
  class space    used 3282K, committed 3584K, reserved 1048576K
}
Event: 11.072 GC heap after
{Heap after GC invocations=7 (full 0):
 garbage-first heap   total 307200K, used 24348K [0x000000060c000000, 0x0000000800000000)
  region size 4096K, 1 young (4096K), 1 survivors (4096K)
 Metaspace       used 29560K, committed 30144K, reserved 1114112K
  class space    used 3282K, committed 3584K, reserved 1048576K
}

